mode: set
github.com/lookatitude/beluga-ai/pkg/orchestration/messagebus/messagebus.go:59.50,66.2 1 1
github.com/lookatitude/beluga-ai/pkg/orchestration/messagebus/messagebus.go:70.135,85.56 6 1
github.com/lookatitude/beluga-ai/pkg/orchestration/messagebus/messagebus.go:85.56,86.44 1 1
github.com/lookatitude/beluga-ai/pkg/orchestration/messagebus/messagebus.go:86.44,88.38 1 1
github.com/lookatitude/beluga-ai/pkg/orchestration/messagebus/messagebus.go:88.38,90.19 2 1
github.com/lookatitude/beluga-ai/pkg/orchestration/messagebus/messagebus.go:90.19,93.6 1 0
github.com/lookatitude/beluga-ai/pkg/orchestration/messagebus/messagebus.go:97.2,97.12 1 1
github.com/lookatitude/beluga-ai/pkg/orchestration/messagebus/messagebus.go:101.114,105.42 3 1
github.com/lookatitude/beluga-ai/pkg/orchestration/messagebus/messagebus.go:105.42,107.3 1 1
github.com/lookatitude/beluga-ai/pkg/orchestration/messagebus/messagebus.go:109.2,112.26 4 1
github.com/lookatitude/beluga-ai/pkg/orchestration/messagebus/messagebus.go:116.106,120.56 3 1
github.com/lookatitude/beluga-ai/pkg/orchestration/messagebus/messagebus.go:120.56,122.33 2 1
github.com/lookatitude/beluga-ai/pkg/orchestration/messagebus/messagebus.go:122.33,124.4 1 1
github.com/lookatitude/beluga-ai/pkg/orchestration/messagebus/messagebus.go:126.2,126.12 1 1
github.com/lookatitude/beluga-ai/pkg/orchestration/messagebus/messagebus.go:130.65,133.2 1 1
github.com/lookatitude/beluga-ai/pkg/orchestration/messagebus/messagebus.go:136.64,140.2 2 1
github.com/lookatitude/beluga-ai/pkg/orchestration/messagebus/messagebus.go:143.49,145.2 1 1
